android/app/build/intermediates/manifest_merge_blame_file/debug/manifest-merger-blame-debug-report.txt
1<?xml version="1.0" encoding="utf-8"?>
2<manifest xmlns:android="http://schemas.android.com/apk/res/android"
3    package="com.test"
4    android:versionCode="1"
5    android:versionName="1.0" >
6
7    <uses-sdk
8        android:minSdkVersion="21"
9        android:targetSdkVersion="31" />
10
11    <uses-permission android:name="android.permission.SYSTEM_ALERT_WINDOW" />
11-->src/debug/AndroidManifest.xml:5:5-77
11-->src/debug/AndroidManifest.xml:5:22-75
12    <uses-permission android:name="android.permission.INTERNET" />
12-->src/main/AndroidManifest.xml:4:5-67
12-->src/main/AndroidManifest.xml:4:22-64
13
14    <queries>
14-->src/main/AndroidManifest.xml:6:5-12:11
15        <intent>
15-->src/main/AndroidManifest.xml:7:3-10:12
16            <action android:name="android.intent.action.VIEW" />
16-->src/main/AndroidManifest.xml:8:5-57
16-->src/main/AndroidManifest.xml:8:13-54
17
18            <data
18-->src/main/AndroidManifest.xml:9:5-52
19                android:host="pay"
19-->src/main/AndroidManifest.xml:9:32-50
20                android:scheme="upi" />
20-->src/main/AndroidManifest.xml:9:11-31
21        </intent>
22
23        <package android:name="com.android.chrome" />
23-->src/main/AndroidManifest.xml:11:3-48
23-->src/main/AndroidManifest.xml:11:12-45
24    </queries>
25
26    <uses-permission android:name="android.permission.ACCESS_WIFI_STATE" />
26-->[com.facebook.flipper:flipper:0.125.0] AndroidManifest.xml:16:5-76
26-->[com.facebook.flipper:flipper:0.125.0] AndroidManifest.xml:16:22-73
27    <uses-permission android:name="android.permission.ACCESS_NETWORK_STATE" />
27-->[com.cashfree.pg:android-sdk:1.7.28] AndroidManifest.xml:11:5-79
27-->[com.cashfree.pg:android-sdk:1.7.28] AndroidManifest.xml:11:22-76
28
29    <application
29-->src/main/AndroidManifest.xml:14:5-33:19
30        android:name="com.test.MainApplication"
30-->src/main/AndroidManifest.xml:15:7-38
31        android:allowBackup="false"
31-->src/main/AndroidManifest.xml:19:7-34
32        android:appComponentFactory="androidx.core.app.CoreComponentFactory"
32-->[androidx.core:core:1.6.0] AndroidManifest.xml:24:18-86
33        android:debuggable="true"
34        android:icon="@mipmap/ic_launcher"
34-->src/main/AndroidManifest.xml:17:7-41
35        android:label="@string/app_name"
35-->src/main/AndroidManifest.xml:16:7-39
36        android:roundIcon="@mipmap/ic_launcher_round"
36-->src/main/AndroidManifest.xml:18:7-52
37        android:supportsRtl="true"
37-->[com.cashfree.pg:android-sdk:1.7.28] AndroidManifest.xml:20:9-35
38        android:theme="@style/AppTheme"
38-->src/main/AndroidManifest.xml:20:7-38
39        android:usesCleartextTraffic="true" >
39-->src/debug/AndroidManifest.xml:8:9-44
40        <activity
40-->src/debug/AndroidManifest.xml:11:9-111
41            android:name="com.facebook.react.devsupport.DevSettingsActivity"
41-->src/debug/AndroidManifest.xml:11:19-83
42            android:exported="false" />
42-->src/debug/AndroidManifest.xml:11:84-108
43        <activity
43-->src/main/AndroidManifest.xml:21:7-32:18
44            android:name="com.test.MainActivity"
44-->src/main/AndroidManifest.xml:22:9-37
45            android:configChanges="keyboard|keyboardHidden|orientation|screenLayout|screenSize|smallestScreenSize|uiMode"
45-->src/main/AndroidManifest.xml:24:9-118
46            android:exported="true"
46-->src/main/AndroidManifest.xml:27:9-32
47            android:label="@string/app_name"
47-->src/main/AndroidManifest.xml:23:9-41
48            android:launchMode="singleTask"
48-->src/main/AndroidManifest.xml:25:9-40
49            android:windowSoftInputMode="adjustResize" >
49-->src/main/AndroidManifest.xml:26:9-51
50            <intent-filter>
50-->src/main/AndroidManifest.xml:28:9-31:25
51                <action android:name="android.intent.action.MAIN" />
51-->src/main/AndroidManifest.xml:29:13-65
51-->src/main/AndroidManifest.xml:29:21-62
52
53                <category android:name="android.intent.category.LAUNCHER" />
53-->src/main/AndroidManifest.xml:30:13-73
53-->src/main/AndroidManifest.xml:30:23-70
54            </intent-filter>
55        </activity>
56
57        <meta-data
57-->[:react-native-pg-react-native-sdk] AndroidManifest.xml:10:9-12:69
58            android:name="com.google.android.gms.version"
58-->[:react-native-pg-react-native-sdk] AndroidManifest.xml:11:13-58
59            android:value="@integer/google_play_services_version" />
59-->[:react-native-pg-react-native-sdk] AndroidManifest.xml:12:13-66
60
61        <activity
61-->[com.cashfree.pg:android-sdk:1.7.28] AndroidManifest.xml:22:9-25:72
62            android:name="com.cashfree.pg.ui.web_checkout.CFPaymentActivity"
62-->[com.cashfree.pg:android-sdk:1.7.28] AndroidManifest.xml:23:13-77
63            android:exported="false"
63-->[com.cashfree.pg:android-sdk:1.7.28] AndroidManifest.xml:24:13-37
64            android:theme="@style/Theme.AppCompat.Light.NoActionBar" />
64-->[com.cashfree.pg:android-sdk:1.7.28] AndroidManifest.xml:25:13-69
65        <activity
65-->[com.cashfree.pg:android-sdk:1.7.28] AndroidManifest.xml:26:9-29:66
66            android:name="com.cashfree.pg.ui.CFResponseHandlerActivity"
66-->[com.cashfree.pg:android-sdk:1.7.28] AndroidManifest.xml:27:13-72
67            android:exported="false"
67-->[com.cashfree.pg:android-sdk:1.7.28] AndroidManifest.xml:28:13-37
68            android:theme="@style/Theme.AppCompat.Translucent" />
68-->[com.cashfree.pg:android-sdk:1.7.28] AndroidManifest.xml:29:13-63
69        <activity
69-->[com.cashfree.pg:android-sdk:1.7.28] AndroidManifest.xml:30:9-33:66
70            android:name="com.cashfree.pg.ui.upi.CFUPIPaymentActivity"
70-->[com.cashfree.pg:android-sdk:1.7.28] AndroidManifest.xml:31:13-71
71            android:exported="false"
71-->[com.cashfree.pg:android-sdk:1.7.28] AndroidManifest.xml:32:13-37
72            android:theme="@style/Theme.AppCompat.Translucent" />
72-->[com.cashfree.pg:android-sdk:1.7.28] AndroidManifest.xml:33:13-63
73        <activity
73-->[com.cashfree.pg:android-sdk:1.7.28] AndroidManifest.xml:34:9-37:66
74            android:name="com.cashfree.pg.ui.amazonpay.AmazonPayActivity"
74-->[com.cashfree.pg:android-sdk:1.7.28] AndroidManifest.xml:35:13-74
75            android:exported="false"
75-->[com.cashfree.pg:android-sdk:1.7.28] AndroidManifest.xml:36:13-37
76            android:theme="@style/Theme.AppCompat.Translucent" />
76-->[com.cashfree.pg:android-sdk:1.7.28] AndroidManifest.xml:37:13-63
77        <activity
77-->[com.cashfree.pg:android-sdk:1.7.28] AndroidManifest.xml:38:9-41:66
78            android:name="com.cashfree.pg.ui.gpay.GooglePayActivity"
78-->[com.cashfree.pg:android-sdk:1.7.28] AndroidManifest.xml:39:13-69
79            android:exported="false"
79-->[com.cashfree.pg:android-sdk:1.7.28] AndroidManifest.xml:40:13-37
80            android:theme="@style/Theme.AppCompat.Translucent" />
80-->[com.cashfree.pg:android-sdk:1.7.28] AndroidManifest.xml:41:13-63
81        <activity
81-->[com.cashfree.pg:android-sdk:1.7.28] AndroidManifest.xml:42:9-45:66
82            android:name="com.cashfree.pg.ui.phonepe.CFPhonePayActivity"
82-->[com.cashfree.pg:android-sdk:1.7.28] AndroidManifest.xml:43:13-73
83            android:exported="false"
83-->[com.cashfree.pg:android-sdk:1.7.28] AndroidManifest.xml:44:13-37
84            android:theme="@style/Theme.AppCompat.Translucent" />
84-->[com.cashfree.pg:android-sdk:1.7.28] AndroidManifest.xml:45:13-63
85        <activity
85-->[com.cashfree.pg:android-sdk:1.7.28] AndroidManifest.xml:46:9-49:72
86            android:name="com.cashfree.pg.ui.simulator.CFUPITestAppActivity"
86-->[com.cashfree.pg:android-sdk:1.7.28] AndroidManifest.xml:47:13-77
87            android:exported="false"
87-->[com.cashfree.pg:android-sdk:1.7.28] AndroidManifest.xml:48:13-37
88            android:theme="@style/Theme.AppCompat.Light.NoActionBar" />
88-->[com.cashfree.pg:android-sdk:1.7.28] AndroidManifest.xml:49:13-69
89        <activity
89-->[com.cashfree.pg:android-sdk:1.7.28] AndroidManifest.xml:50:9-53:66
90            android:name="com.cashfree.pg.ui.simulator.CFUPITestActivity"
90-->[com.cashfree.pg:android-sdk:1.7.28] AndroidManifest.xml:51:13-74
91            android:exported="false"
91-->[com.cashfree.pg:android-sdk:1.7.28] AndroidManifest.xml:52:13-37
92            android:theme="@style/Theme.AppCompat.Translucent" />
92-->[com.cashfree.pg:android-sdk:1.7.28] AndroidManifest.xml:53:13-63
93
94        <provider
94-->[com.cashfree.pg:android-sdk:1.7.28] AndroidManifest.xml:55:9-58:40
95            android:name="com.cashfree.pg.CashfreeAndroidSdkContentProvider"
95-->[com.cashfree.pg:android-sdk:1.7.28] AndroidManifest.xml:56:13-77
96            android:authorities="com.test.cashfreeandroidsdkcontentprovider"
96-->[com.cashfree.pg:android-sdk:1.7.28] AndroidManifest.xml:57:13-85
97            android:exported="false" />
97-->[com.cashfree.pg:android-sdk:1.7.28] AndroidManifest.xml:58:13-37
98
99        <meta-data
99-->[com.cashfree.pg:android-sdk:1.7.28] AndroidManifest.xml:60:9-62:78
100            android:name="cashfree_pg_core_auto_initialization_enabled"
100-->[com.cashfree.pg:android-sdk:1.7.28] AndroidManifest.xml:61:13-72
101            android:value="@bool/cashfree_pg_core_auto_initialize_enabled" />
101-->[com.cashfree.pg:android-sdk:1.7.28] AndroidManifest.xml:62:13-75
102        <meta-data
102-->[com.cashfree.pg:android-sdk:1.7.28] AndroidManifest.xml:63:9-65:72
103            android:name="cashfree_pg_core_reporting_enabled"
103-->[com.cashfree.pg:android-sdk:1.7.28] AndroidManifest.xml:64:13-62
104            android:value="@bool/cashfree_pg_core_reporting_enabled" />
104-->[com.cashfree.pg:android-sdk:1.7.28] AndroidManifest.xml:65:13-69
105
106        <activity
106-->[com.google.android.gms:play-services-auth:17.0.0] AndroidManifest.xml:23:9-27:75
107            android:name="com.google.android.gms.auth.api.signin.internal.SignInHubActivity"
107-->[com.google.android.gms:play-services-auth:17.0.0] AndroidManifest.xml:24:13-93
108            android:excludeFromRecents="true"
108-->[com.google.android.gms:play-services-auth:17.0.0] AndroidManifest.xml:25:13-46
109            android:exported="false"
109-->[com.google.android.gms:play-services-auth:17.0.0] AndroidManifest.xml:26:13-37
110            android:theme="@android:style/Theme.Translucent.NoTitleBar" />
110-->[com.google.android.gms:play-services-auth:17.0.0] AndroidManifest.xml:27:13-72
111        <!--
112            Service handling Google Sign-In user revocation. For apps that do not integrate with
113            Google Sign-In, this service will never be started.
114        -->
115        <service
115-->[com.google.android.gms:play-services-auth:17.0.0] AndroidManifest.xml:33:9-36:110
116            android:name="com.google.android.gms.auth.api.signin.RevocationBoundService"
116-->[com.google.android.gms:play-services-auth:17.0.0] AndroidManifest.xml:34:13-89
117            android:exported="true"
117-->[com.google.android.gms:play-services-auth:17.0.0] AndroidManifest.xml:35:13-36
118            android:permission="com.google.android.gms.auth.api.signin.permission.REVOCATION_NOTIFICATION" />
118-->[com.google.android.gms:play-services-auth:17.0.0] AndroidManifest.xml:36:13-107
119
120        <activity
120-->[com.google.android.gms:play-services-base:17.1.0] AndroidManifest.xml:23:9-26:75
121            android:name="com.google.android.gms.common.api.GoogleApiActivity"
121-->[com.google.android.gms:play-services-base:17.1.0] AndroidManifest.xml:24:13-79
122            android:exported="false"
122-->[com.google.android.gms:play-services-base:17.1.0] AndroidManifest.xml:25:13-37
123            android:theme="@android:style/Theme.Translucent.NoTitleBar" />
123-->[com.google.android.gms:play-services-base:17.1.0] AndroidManifest.xml:26:13-72
124    </application>
125
126</manifest>